<?xml version="1.0" encoding="UTF-8"?>
<testsuite xmlns:xsi="http://www.w3.org/2001/XMLSchema-instance" xsi:noNamespaceSchemaLocation="https://maven.apache.org/surefire/maven-surefire-plugin/xsd/surefire-test-report-3.0.xsd" version="3.0" name="EnemyFactoryTest" time="0.028" tests="1" errors="0" skipped="0" failures="0">
  <properties>
[...]
</properties>
  <testcase name="testCreateCaseInsensitive" classname="EnemyFactoryTest" time="0.02">
    <system-err><![CDATA[mag 22, 2025 1:06:50 AM manfrinmarco.entities.EnemyFactory initIfNeeded
INFO: EnemyFactory: inizializzazione dinamica dei template nemici
mag 22, 2025 1:06:50 AM manfrinmarco.io.ReflectionLoader instantiateAnnotated
INFO: ReflectionLoader: caricamento classi annotate in package manfrinmarco.entities.custom
mag 22, 2025 1:06:50 AM manfrinmarco.entities.EnemyFactory createEnemy
INFO: EnemyFactory.createEnemy: creato nemico: Scheletro
]]></system-err>
  </testcase>
</testsuite>