<?xml version="1.0" encoding="UTF-8"?>
<testsuite xmlns:xsi="http://www.w3.org/2001/XMLSchema-instance" xsi:noNamespaceSchemaLocation="https://maven.apache.org/surefire/maven-surefire-plugin/xsd/surefire-test-report-3.0.xsd" version="3.0" name="PlayerTest" time="0.005" tests="4" errors="0" skipped="0" failures="0">
  <properties>
[...]
</properties>
  <testcase name="testPlayerAttackWithWeapon" classname="PlayerTest" time="0.002">
    <system-out><![CDATA[Hai equipaggiato l'arma: Spada
]]></system-out>
    <system-err><![CDATA[mag 22, 2025 6:00:25 PM manfrinmarco.entities.Player <init>
INFO: Player creato: Eroe con HP iniziali: 100
mag 22, 2025 6:00:25 PM manfrinmarco.entities.Player equip
INFO: Player.equip: equipaggiato weapon = Spada
mag 22, 2025 6:00:25 PM manfrinmarco.config.GameConfig <clinit>
INFO: Caricamento configurazione da file: game.properties
mag 22, 2025 6:00:25 PM manfrinmarco.entities.Player attack
INFO: Player.attack: inflitti 25 danni a Dummy
]]></system-err>
  </testcase>
  <testcase name="testPlayerTakesDamageWithoutArmor" classname="PlayerTest" time="0.001">
    <system-err><![CDATA[mag 22, 2025 6:00:25 PM manfrinmarco.entities.Player <init>
INFO: Player creato: Eroe con HP iniziali: 100
mag 22, 2025 6:00:25 PM manfrinmarco.entities.Player takeDamage
INFO: Player.takeDamage: HP rimanenti = 70
]]></system-err>
  </testcase>
  <testcase name="testPlayerHeals" classname="PlayerTest" time="0.001">
    <system-err><![CDATA[mag 22, 2025 6:00:25 PM manfrinmarco.entities.Player <init>
INFO: Player creato: Eroe con HP iniziali: 100
mag 22, 2025 6:00:25 PM manfrinmarco.entities.Player takeDamage
INFO: Player.takeDamage: HP rimanenti = 50
mag 22, 2025 6:00:25 PM manfrinmarco.entities.Player heal
INFO: Player.heal: HP attuali = 80
]]></system-err>
  </testcase>
  <testcase name="testPlayerTakesDamageWithArmor" classname="PlayerTest" time="0.001">
    <system-out><![CDATA[Hai indossato l'armatura: Armatura Test
]]></system-out>
    <system-err><![CDATA[mag 22, 2025 6:00:25 PM manfrinmarco.entities.Player <init>
INFO: Player creato: Eroe con HP iniziali: 100
mag 22, 2025 6:00:25 PM manfrinmarco.entities.Player equip
INFO: Player.equip: equipaggiato armor = Armatura Test
mag 22, 2025 6:00:25 PM manfrinmarco.entities.Player takeDamage
INFO: Player.takeDamage: HP rimanenti = 80
]]></system-err>
  </testcase>
</testsuite>